1674406444.437298 'a' PRESS
1674406444.522271 'a' RELEASE
1674406444.591275 'a' PRESS
1674406444.656259 'a' RELEASE
1674406444.731277 'a' PRESS
1674406444.796262 'a' RELEASE
1674406444.875288 'a' PRESS
1674406444.945253 'a' RELEASE
1674406445.108303 's' PRESS
1674406445.192287 's' RELEASE
1674406445.274277 's' PRESS
1674406445.363267 's' RELEASE
1674406445.440288 'a' PRESS
1674406445.596279 's' PRESS
1674406445.623268 'a' RELEASE
1674406445.73127 'd' PRESS
1674406445.774288 's' RELEASE
1674406445.909283 's' PRESS
1674406445.957339 'd' RELEASE
1674406446.075267 'a' PRESS
1674406446.111284 's' RELEASE
1674406446.23928 's' PRESS
1674406446.28928 'a' RELEASE
1674406446.328287 'd' PRESS
1674406446.402279 's' RELEASE
1674406446.51328 'd' RELEASE
1674406446.549283 's' PRESS
1674406446.681281 'a' PRESS
1674406446.703304 's' RELEASE
1674406446.806256 's' PRESS
1674406446.821273 'd' PRESS
1674406446.83526 'a' RELEASE
1674406446.932282 'd' RELEASE
1674406446.956255 'a' PRESS
1674406446.994272 's' RELEASE
1674406447.071266 'd' PRESS
1674406447.09128 'a' RELEASE
1674406447.093275 's' PRESS
1674406447.108295 's' RELEASE
1674406447.165274 's' PRESS
1674406447.182289 'a' PRESS
1674406447.190297 'd' RELEASE
1674406447.211275 's' RELEASE
1674406447.305247 's' PRESS
1674406447.311256 'd' PRESS
1674406447.336768 'a' RELEASE
1674406447.372269 'd' RELEASE
1674406447.425285 'a' PRESS
1674406447.45428 's' RELEASE
1674406447.541285 's' PRESS
1674406447.570295 'a' RELEASE
1674406447.704281 'a' PRESS
1674406447.716281 's' RELEASE
1674406447.717279 'd' PRESS
1674406447.801293 'a' RELEASE
1674406447.846265 's' PRESS
1674406447.866266 'd' RELEASE
1674406447.948297 'a' PRESS
1674406447.974279 's' RELEASE
1674406448.094272 'd' PRESS
1674406448.1573 'a' RELEASE
1674406448.217325 's' PRESS
1674406448.253271 'd' RELEASE
1674406448.321274 'a' PRESS
1674406448.335263 's' RELEASE
1674406448.455255 's' PRESS
1674406448.487279 'a' RELEASE
1674406448.57326 'd' PRESS
1674406448.624285 's' RELEASE
1674406448.720265 'a' PRESS
1674406448.737309 'd' RELEASE
1674406448.852262 'd' PRESS
1674406448.867292 's' PRESS
1674406448.910295 'a' RELEASE
1674406448.980295 'd' RELEASE
1674406449.02327 'd' PRESS
1674406449.035265 'd' RELEASE
1674406449.052285 'd' PRESS
1674406449.096268 's' RELEASE
1674406449.182283 'a' PRESS
1674406449.194281 'd' RELEASE
1674406449.29828 's' PRESS
1674406449.341287 'a' RELEASE
1674406449.413269 'd' PRESS
1674406449.464259 's' RELEASE
1674406449.481281 'a' PRESS
1674406449.50731 'd' RELEASE
1674406449.599294 's' PRESS
1674406449.611297 'a' RELEASE
1674406449.612294 'd' PRESS
1674406449.666254 'd' RELEASE
1674406449.683272 's' RELEASE
1674406449.713286 'a' PRESS
1674406449.782258 's' PRESS
1674406449.799277 'a' RELEASE
1674406449.812272 'd' PRESS
1674406449.844284 's' RELEASE
1674406449.845282 'd' RELEASE
1674406449.869284 'a' PRESS
1674406449.943262 's' PRESS
1674406449.944258 'd' PRESS
1674406449.965263 'a' RELEASE
1674406450.008298 'd' RELEASE
1674406450.020266 's' RELEASE
1674406450.047305 'a' PRESS
1674406450.131267 's' PRESS
1674406450.157288 'd' PRESS
1674406450.158279 'a' RELEASE
1674406450.187305 'd' RELEASE
1674406450.223294 's' RELEASE
1674406450.235263 'a' PRESS
1674406450.343273 's' PRESS
1674406450.344271 'd' PRESS
1674406450.360291 'a' RELEASE
1674406450.478276 's' RELEASE
1674406450.479273 'd' RELEASE
1674406450.495258 'a' PRESS
1674406450.603285 'd' PRESS
1674406450.618286 's' PRESS
1674406450.632284 'a' RELEASE
1674406450.731277 'd' RELEASE
1674406450.757314 'a' PRESS
1674406450.774255 's' RELEASE
1674406450.853279 'd' PRESS
1674406450.880282 's' PRESS
1674406450.894275 'a' RELEASE
1674406450.955269 'd' RELEASE
1674406451.001259 'a' PRESS
1674406451.013257 's' RELEASE
1674406451.12626 'a' RELEASE
1674406451.265257 's' PRESS
1674406451.376252 's' RELEASE
1674406451.426256 'd' PRESS
1674406451.614266 's' PRESS
1674406451.643266 'd' RELEASE
1674406451.688298 'a' PRESS
1674406451.760287 's' RELEASE
1674406451.811268 'd' PRESS
1674406451.870286 's' PRESS
1674406451.876271 'a' RELEASE
1674406451.922283 'd' RELEASE
1674406451.980278 'a' PRESS
1674406451.994268 's' RELEASE
1674406452.062253 'd' PRESS
1674406452.091265 'a' RELEASE
1674406452.092261 's' PRESS
1674406452.143273 'd' RELEASE
1674406452.182282 's' RELEASE
1674406452.192291 'a' PRESS
1674406452.262261 's' PRESS
1674406452.263259 'd' PRESS
1674406452.29131 'a' RELEASE
1674406452.341273 'd' RELEASE
1674406452.384294 's' RELEASE
1674406452.419286 'a' PRESS
1674406452.485252 'd' PRESS
1674406452.495253 's' PRESS
1674406452.514275 'a' RELEASE
1674406452.623251 's' RELEASE
1674406452.632265 'd' RELEASE
1674406452.637296 'a' PRESS
1674406452.736261 's' PRESS
1674406452.743274 'd' PRESS
1674406452.753277 'a' RELEASE
1674406452.854257 'd' RELEASE
1674406452.86829 's' RELEASE
1674406452.880294 'a' PRESS
1674406452.969277 'a' RELEASE
1674406452.991276 'd' PRESS
1674406453.04228 'd' RELEASE
