1674406210.792094 'q' PRESS
1674406210.905084 'q' RELEASE
1674406211.213124 'q' PRESS
1674406211.316122 'q' RELEASE
1674406211.822982 'w' PRESS
1674406211.909937 'w' RELEASE
1674406212.053808 'w' PRESS
1674406212.162794 'w' RELEASE
1674406212.618716 'e' PRESS
1674406212.732666 'e' RELEASE
1674406212.938574 'e' PRESS
1674406213.058495 'e' RELEASE
1674406213.294404 'r' PRESS
1674406213.433351 'r' RELEASE
1674406213.570335 'r' PRESS
1674406213.710321 'r' RELEASE
1674406213.892308 't' PRESS
1674406214.008321 't' RELEASE
1674406214.148473 't' PRESS
1674406214.268159 't' RELEASE
1674406214.423742 'y' PRESS
1674406214.539433 'y' RELEASE
1674406214.993261 'y' PRESS
1674406215.133398 'y' RELEASE
1674406215.351322 'u' PRESS
1674406215.462226 'u' RELEASE
1674406215.588888 'u' PRESS
1674406215.719537 'u' RELEASE
1674406215.87911 'i' PRESS
1674406215.970866 'i' RELEASE
1674406216.079574 'i' PRESS
1674406216.1903 'i' RELEASE
1674406216.333917 'o' PRESS
1674406216.409713 'o' RELEASE
1674406216.558316 'o' PRESS
1674406216.642092 'o' RELEASE
1674406216.798674 'p' PRESS
1674406216.899404 'p' RELEASE
1674406217.039031 'p' PRESS
1674406217.14502 'p' RELEASE
1674406217.284646 '[' PRESS
1674406217.373509 '[' RELEASE
1674406217.505157 '[' PRESS
1674406217.611653 '[' RELEASE
1674406217.760764 ']' PRESS
1674406217.854514 ']' RELEASE
1674406217.993142 ']' PRESS
1674406218.093873 ']' RELEASE
1674406218.250454 '\\' PRESS
1674406218.356171 '\\' RELEASE
1674406218.478844 '\\' PRESS
1674406218.580571 '\\' RELEASE
1674406218.73815 "'" PRESS
1674406218.851356 "'" RELEASE
1674406219.005453 "'" PRESS
1674406219.106426 "'" RELEASE
1674406219.269304 ';' PRESS
1674406219.378013 ';' RELEASE
1674406219.519634 ';' PRESS
1674406219.625351 ';' RELEASE
1674406219.781443 'l' PRESS
1674406219.882174 'l' RELEASE
1674406220.038755 'l' PRESS
1674406220.142477 'l' RELEASE
1674406220.27612 'k' PRESS
1674406220.386824 'k' RELEASE
1674406220.517475 'k' PRESS
1674406220.622195 'k' RELEASE
1674406220.783763 'j' PRESS
1674406220.88948 'j' RELEASE
1674406221.021129 'j' PRESS
1674406221.129837 'j' RELEASE
1674406221.283724 'h' PRESS
1674406221.382461 'h' RELEASE
1674406221.521089 'h' PRESS
1674406221.624812 'h' RELEASE
1674406221.766941 'g' PRESS
1674406221.871173 'g' RELEASE
1674406222.025781 'g' PRESS
1674406222.128506 'g' RELEASE
1674406222.274625 'f' PRESS
1674406222.38584 'f' RELEASE
1674406222.511503 'f' PRESS
1674406222.620212 'f' RELEASE
1674406222.773801 'd' PRESS
1674406222.880516 'd' RELEASE
1674406223.005691 'd' PRESS
1674406223.106422 'd' RELEASE
1674406223.266993 's' PRESS
1674406223.365728 's' RELEASE
1674406223.500368 's' PRESS
1674406223.611072 's' RELEASE
1674406223.769648 'a' PRESS
1674406223.86291 'a' RELEASE
1674406224.009029 'a' PRESS
1674406224.096305 'a' RELEASE
