1674406467.373255 'a' PRESS
1674406467.47728 'a' RELEASE
1674406467.796259 's' PRESS
1674406467.907312 's' RELEASE
1674406468.298258 'd' PRESS
1674406468.418305 'd' RELEASE
1674406468.913269 's' PRESS
1674406469.029279 's' RELEASE
1674406469.694261 'd' PRESS
1674406469.781251 'd' RELEASE
1674406470.778318 's' PRESS
1674406470.905268 's' RELEASE
1674406471.748292 'd' PRESS
1674406471.885239 'd' RELEASE
1674406472.517296 'a' PRESS
1674406472.650253 'a' RELEASE
1674406473.334242 's' PRESS
1674406473.435243 's' RELEASE
1674406473.975266 'a' PRESS
1674406474.095255 'a' RELEASE
1674406474.662251 'd' PRESS
1674406474.794248 'd' RELEASE
1674406475.32027 's' PRESS
1674406475.45731 's' RELEASE
1674406476.192269 'a' PRESS
1674406476.327296 'a' RELEASE
1674406476.805238 'd' PRESS
1674406476.94424 'd' RELEASE
1674406477.562277 's' PRESS
1674406477.687296 's' RELEASE
1674406478.121272 'a' PRESS
1674406478.296281 'a' RELEASE
1674406479.221248 's' PRESS
1674406479.389267 's' RELEASE
1674406480.599264 'a' PRESS
1674406480.799255 'a' RELEASE
1674406481.109266 's' PRESS
1674406481.232238 's' RELEASE
1674406482.161258 'd' PRESS
1674406482.317318 'd' RELEASE
1674406482.714238 's' PRESS
1674406482.882256 's' RELEASE
1674406483.27827 'd' PRESS
1674406483.422256 'd' RELEASE
1674406484.205249 'a' PRESS
1674406484.349262 'a' RELEASE
1674406484.743264 's' PRESS
1674406484.873256 's' RELEASE
1674406485.209252 'd' PRESS
1674406485.335242 'd' RELEASE
