1674406228.42462 'q' PRESS
1674406228.531843 'q' RELEASE
1674406229.185628 'q' PRESS
1674406229.292851 'q' RELEASE
1674406230.457794 'w' PRESS
1674406230.542567 'w' RELEASE
1674406231.019825 'w' PRESS
1674406231.073679 'w' RELEASE
1674406232.113173 'e' PRESS
1674406232.186975 'e' RELEASE
1674406232.264277 'e' PRESS
1674406232.353255 'e' RELEASE
1674406233.730045 'r' PRESS
1674406233.80684 'r' RELEASE
1674406233.860208 'r' PRESS
1674406233.951474 'r' RELEASE
1674406235.812323 't' PRESS
1674406235.882136 't' RELEASE
1674406235.933001 't' PRESS
1674406236.010792 't' RELEASE
1674406237.676233 'y' PRESS
1674406237.73408 'y' RELEASE
1674406237.793919 'y' PRESS
1674406237.878693 'y' RELEASE
1674406239.605145 'u' PRESS
1674406239.670969 'u' RELEASE
1674406239.72682 'u' PRESS
1674406239.81259 'u' RELEASE
1674406241.335541 'i' PRESS
1674406241.398374 'i' RELEASE
1674406241.451231 'i' PRESS
1674406241.544981 'i' RELEASE
1674406242.956777 'o' PRESS
1674406243.0226 'o' RELEASE
1674406243.072466 'o' PRESS
1674406243.14977 'o' RELEASE
1674406244.717661 'p' PRESS
1674406244.777501 'p' RELEASE
1674406244.834858 'p' PRESS
1674406244.907662 'p' RELEASE
1674406246.331908 '[' PRESS
1674406246.391747 '[' RELEASE
1674406246.447488 '[' PRESS
1674406246.505335 '[' RELEASE
1674406247.821147 ']' PRESS
1674406247.893952 ']' RELEASE
1674406247.943819 ']' PRESS
1674406248.011638 ']' RELEASE
1674406249.695685 '\\' PRESS
1674406249.770485 '\\' RELEASE
1674406249.823343 '\\' PRESS
1674406249.897146 '\\' RELEASE
1674406251.542626 "'" PRESS
1674406251.61244 "'" RELEASE
1674406251.658318 "'" PRESS
1674406251.730125 "'" RELEASE
1674406253.387768 ';' PRESS
1674406253.457581 ';' RELEASE
1674406253.493484 ';' PRESS
1674406253.570287 ';' RELEASE
1674406255.194264 'l' PRESS
1674406255.268307 'l' RELEASE
1674406255.314307 'l' PRESS
1674406255.388358 'l' RELEASE
1674406257.017678 'k' PRESS
1674406257.08051 'k' RELEASE
1674406257.123395 'k' PRESS
1674406257.198196 'k' RELEASE
1674406258.922393 'j' PRESS
1674406258.9774 'j' RELEASE
1674406259.025399 'j' PRESS
1674406259.102433 'j' RELEASE
1674406260.580057 'h' PRESS
1674406260.654013 'h' RELEASE
1674406260.68802 'h' PRESS
1674406260.770948 'h' RELEASE
1674406262.333246 'g' PRESS
1674406262.398217 'g' RELEASE
1674406262.456062 'g' PRESS
1674406262.54283 'g' RELEASE
1674406264.081963 'f' PRESS
1674406264.146788 'f' RELEASE
1674406264.188677 'f' PRESS
1674406264.264474 'f' RELEASE
1674406265.922678 'd' PRESS
1674406265.980524 'd' RELEASE
1674406266.03837 'd' PRESS
1674406266.122653 'd' RELEASE
1674406267.793747 's' PRESS
1674406267.861566 's' RELEASE
1674406267.911433 's' PRESS
1674406267.990729 's' RELEASE
1674406269.319235 'a' PRESS
1674406269.388051 'a' RELEASE
1674406269.433927 'a' PRESS
1674406269.509724 'a' RELEASE
